<?xml version="1.0" encoding="UTF-8"?>
<coverage generated="1772465723579" clover="3.2.0">
  <project timestamp="1772465723580" name="All files">
    <metrics statements="5" coveredstatements="5" conditionals="4" coveredconditionals="4" methods="5" coveredmethods="5" elements="14" coveredelements="14" complexity="0" loc="5" ncloc="5" packages="1" files="2" classes="2"/>
    <file name="categories.ts" path="/Users/abhinay/blog/abhinay-website/src/lib/categories.ts">
      <metrics statements="3" coveredstatements="3" conditionals="2" coveredconditionals="2" methods="4" coveredmethods="4"/>
      <line num="1" count="1" type="stmt"/>
      <line num="10" count="12" type="cond" truecount="2" falsecount="0"/>
      <line num="14" count="12" type="stmt"/>
    </file>
    <file name="youtube.ts" path="/Users/abhinay/blog/abhinay-website/src/lib/youtube.ts">
      <metrics statements="2" coveredstatements="2" conditionals="2" coveredconditionals="2" methods="1" coveredmethods="1"/>
      <line num="2" count="9" type="stmt"/>
      <line num="3" count="9" type="cond" truecount="2" falsecount="0"/>
    </file>
  </project>
</coverage>
