{"/Users/abhinay/blog/abhinay-website/src/lib/categories.ts": {"path":"/Users/abhinay/blog/abhinay-website/src/lib/categories.ts","statementMap":{"0":{"start":{"line":1,"column":26},"end":{"line":5,"column":null}},"1":{"start":{"line":10,"column":2},"end":{"line":10,"column":null}},"2":{"start":{"line":10,"column":32},"end":{"line":10,"column":47}},"3":{"start":{"line":14,"column":2},"end":{"line":14,"column":null}},"4":{"start":{"line":14,"column":32},"end":{"line":14,"column":47}}},"fnMap":{"0":{"name":"getCategorySlug","decl":{"start":{"line":9,"column":16},"end":{"line":9,"column":32}},"loc":{"start":{"line":9,"column":54},"end":{"line":11,"column":null}}},"1":{"name":"(anonymous_1)","decl":{"start":{"line":10,"column":25},"end":{"line":10,"column":26}},"loc":{"start":{"line":10,"column":32},"end":{"line":10,"column":47}}},"2":{"name":"getCategoryBySlug","decl":{"start":{"line":13,"column":16},"end":{"line":13,"column":34}},"loc":{"start":{"line":13,"column":48},"end":{"line":15,"column":null}}},"3":{"name":"(anonymous_3)","decl":{"start":{"line":14,"column":25},"end":{"line":14,"column":26}},"loc":{"start":{"line":14,"column":32},"end":{"line":14,"column":47}}}},"branchMap":{"0":{"loc":{"start":{"line":10,"column":9},"end":{"line":10,"column":null}},"type":"binary-expr","locations":[{"start":{"line":10,"column":9},"end":{"line":10,"column":58}},{"start":{"line":10,"column":58},"end":{"line":10,"column":null}}]}},"s":{"0":1,"1":5,"2":12,"3":5,"4":12},"f":{"0":5,"1":12,"2":5,"3":12},"b":{"0":[5,2]}}
,"/Users/abhinay/blog/abhinay-website/src/lib/youtube.ts": {"path":"/Users/abhinay/blog/abhinay-website/src/lib/youtube.ts","statementMap":{"0":{"start":{"line":2,"column":16},"end":{"line":2,"column":null}},"1":{"start":{"line":3,"column":2},"end":{"line":3,"column":null}}},"fnMap":{"0":{"name":"getYouTubeEmbedUrl","decl":{"start":{"line":1,"column":16},"end":{"line":1,"column":35}},"loc":{"start":{"line":1,"column":63},"end":{"line":4,"column":null}}}},"branchMap":{"0":{"loc":{"start":{"line":3,"column":9},"end":{"line":3,"column":null}},"type":"cond-expr","locations":[{"start":{"line":3,"column":17},"end":{"line":3,"column":63}},{"start":{"line":3,"column":63},"end":{"line":3,"column":null}}]}},"s":{"0":9,"1":9},"f":{"0":9},"b":{"0":[4,5]}}
}
